<?xml version="1.0" encoding="UTF-8"?>
<!-- Generated by org.testng.reporters.JUnitXMLReporter -->
<testsuite hostname="LAPTOP-FQFQUEAH" ignored="0" name="EmployeesRestAPISuite" tests="22" failures="6" timestamp="27 Jul 2022 12:55:34 GMT" time="3.562" errors="0">
  <testcase name="checkContentEncoding" time="0.002" classname="com.employeeapi.testCases.TC001_Get_All_Employees"/>
  <testcase name="checkContentType" time="0.001" classname="com.employeeapi.testCases.TC001_Get_All_Employees"/>
  <testcase name="checkResponseBody" time="0.013" classname="com.employeeapi.testCases.TC001_Get_All_Employees"/>
  <testcase name="checkResponseTime" time="0.001" classname="com.employeeapi.testCases.TC001_Get_All_Employees"/>
  <testcase name="checkServerType" time="0.0" classname="com.employeeapi.testCases.TC001_Get_All_Employees"/>
  <testcase name="checkStatusCode" time="0.001" classname="com.employeeapi.testCases.TC001_Get_All_Employees"/>
  <testcase name="checkStatusLine" time="0.0" classname="com.employeeapi.testCases.TC001_Get_All_Employees"/>
  <testcase name="checkContentEncoding" time="0.002" classname="com.employeeapi.testCases.TC002_Get_Single_Employee_Record">
    <failure type="java.lang.AssertionError" message="expected [gzip] but found [null]">
      <![CDATA[java.lang.AssertionError: expected [gzip] but found [null]
at com.employeeapi.testCases.TC002_Get_Single_Employee_Record.checkContentEncoding(TC002_Get_Single_Employee_Record.java:86)
... Removed 34 stack frames]]>
    </failure>
  </testcase> <!-- checkContentEncoding -->
  <testcase name="checkContentLength" time="0.002" classname="com.employeeapi.testCases.TC002_Get_Single_Employee_Record"/>
  <testcase name="checkContentType" time="0.002" classname="com.employeeapi.testCases.TC002_Get_Single_Employee_Record"/>
  <testcase name="checkResponseBody" time="0.002" classname="com.employeeapi.testCases.TC002_Get_Single_Employee_Record"/>
  <testcase name="checkResponseTime" time="0.001" classname="com.employeeapi.testCases.TC002_Get_Single_Employee_Record"/>
  <testcase name="checkServerType" time="0.002" classname="com.employeeapi.testCases.TC002_Get_Single_Employee_Record"/>
  <testcase name="checkStatusCode" time="0.0" classname="com.employeeapi.testCases.TC002_Get_Single_Employee_Record">
    <failure type="java.lang.AssertionError" message="expected [200] but found [404]">
      <![CDATA[java.lang.AssertionError: expected [200] but found [404]
at com.employeeapi.testCases.TC002_Get_Single_Employee_Record.checkStatusCode(TC002_Get_Single_Employee_Record.java:41)
... Removed 34 stack frames]]>
    </failure>
  </testcase> <!-- checkStatusCode -->
  <testcase name="checkStatusLine" time="0.001" classname="com.employeeapi.testCases.TC002_Get_Single_Employee_Record">
    <failure type="java.lang.AssertionError" message="expected [HTTP/1.1 200 OK] but found [HTTP/1.1 404 Not Found]">
      <![CDATA[java.lang.AssertionError: expected [HTTP/1.1 200 OK] but found [HTTP/1.1 404 Not Found]
at com.employeeapi.testCases.TC002_Get_Single_Employee_Record.checkStatusLine(TC002_Get_Single_Employee_Record.java:59)
... Removed 34 stack frames]]>
    </failure>
  </testcase> <!-- checkStatusLine -->
  <testcase name="checkContentEncoding" time="0.003" classname="com.employeeapi.testCases.TC003_Post_Employee_Record"/>
  <testcase name="checkContentLength" time="0.002" classname="com.employeeapi.testCases.TC003_Post_Employee_Record"/>
  <testcase name="checkContentType" time="0.001" classname="com.employeeapi.testCases.TC003_Post_Employee_Record">
    <failure type="java.lang.AssertionError" message="expected [application/json] but found [text/html; charset=UTF-8]">
      <![CDATA[java.lang.AssertionError: expected [application/json] but found [text/html; charset=UTF-8]
at com.employeeapi.testCases.TC003_Post_Employee_Record.checkContentType(TC003_Post_Employee_Record.java:73)
... Removed 34 stack frames]]>
    </failure>
  </testcase> <!-- checkContentType -->
  <testcase name="checkResponseBody" time="0.015" classname="com.employeeapi.testCases.TC003_Post_Employee_Record"/>
  <testcase name="checkServerType" time="0.0" classname="com.employeeapi.testCases.TC003_Post_Employee_Record"/>
  <testcase name="checkStatusCode" time="0.0" classname="com.employeeapi.testCases.TC003_Post_Employee_Record">
    <failure type="java.lang.AssertionError" message="expected [200] but found [429]">
      <![CDATA[java.lang.AssertionError: expected [200] but found [429]
at com.employeeapi.testCases.TC003_Post_Employee_Record.checkStatusCode(TC003_Post_Employee_Record.java:55)
... Removed 34 stack frames]]>
    </failure>
  </testcase> <!-- checkStatusCode -->
  <testcase name="checkStatusLine" time="0.0" classname="com.employeeapi.testCases.TC003_Post_Employee_Record">
    <failure type="java.lang.AssertionError" message="expected [HTTP/1.1 200 OK] but found [HTTP/1.1 429 Too Many Requests]">
      <![CDATA[java.lang.AssertionError: expected [HTTP/1.1 200 OK] but found [HTTP/1.1 429 Too Many Requests]
at com.employeeapi.testCases.TC003_Post_Employee_Record.checkStatusLine(TC003_Post_Employee_Record.java:64)
... Removed 34 stack frames]]>
    </failure>
  </testcase> <!-- checkStatusLine -->
</testsuite> <!-- EmployeesRestAPISuite -->
