<?xml version="1.0" encoding="UTF-8"?>
<testsuite name="TestSuite" time="0.059" tests="22" errors="0" skipped="0" failures="6">
  <properties>
[...]
</properties>
  <testcase name="checkContentEncoding" classname="com.employeeapi.testCases.TC001_Get_All_Employees" time="0.003"/>
  <testcase name="checkContentType" classname="com.employeeapi.testCases.TC001_Get_All_Employees" time="0"/>
  <testcase name="checkResponseBody" classname="com.employeeapi.testCases.TC001_Get_All_Employees" time="0.013"/>
  <testcase name="checkResponseTime" classname="com.employeeapi.testCases.TC001_Get_All_Employees" time="0"/>
  <testcase name="checkServerType" classname="com.employeeapi.testCases.TC001_Get_All_Employees" time="0"/>
  <testcase name="checkStatusCode" classname="com.employeeapi.testCases.TC001_Get_All_Employees" time="0"/>
  <testcase name="checkStatusLine" classname="com.employeeapi.testCases.TC001_Get_All_Employees" time="0"/>
  <testcase name="checkContentEncoding" classname="com.employeeapi.testCases.TC002_Get_Single_Employee_Record" time="0.009">
    <failure message="expected [gzip] but found [null]" type="java.lang.AssertionError">java.lang.AssertionError: expected [gzip] but found [null]
	at org.testng.Assert.fail(Assert.java:96)
	at org.testng.Assert.failNotEquals(Assert.java:776)
	at org.testng.Assert.assertEqualsImpl(Assert.java:132)
	at org.testng.Assert.assertEquals(Assert.java:118)
	at org.testng.Assert.assertEquals(Assert.java:453)
	at org.testng.Assert.assertEquals(Assert.java:463)
	at com.employeeapi.testCases.TC002_Get_Single_Employee_Record.checkContentEncoding(TC002_Get_Single_Employee_Record.java:86)
</failure>
    <system-out><![CDATA[2022-07-27 08:55:33 INFO  EmployeesRestAPIssss:92 - ------------------------ Finished TC001_Get_All_Employees------------------
2022-07-27 08:55:33 INFO  EmployeesRestAPIssss:18 - ------------------Started TC002_Get_Single_Employee_Record----------------
2022-07-27 08:55:34 INFO  EmployeesRestAPIssss:83 - -------------------- Checking Content Encoding --------------------------
2022-07-27 08:55:34 INFO  EmployeesRestAPIssss:85 - Content Encoding ===>null
]]></system-out>
  </testcase>
  <testcase name="checkContentLength" classname="com.employeeapi.testCases.TC002_Get_Single_Employee_Record" time="0.003"/>
  <testcase name="checkContentType" classname="com.employeeapi.testCases.TC002_Get_Single_Employee_Record" time="0.002"/>
  <testcase name="checkResponseBody" classname="com.employeeapi.testCases.TC002_Get_Single_Employee_Record" time="0.002"/>
  <testcase name="checkResponseTime" classname="com.employeeapi.testCases.TC002_Get_Single_Employee_Record" time="0.002"/>
  <testcase name="checkServerType" classname="com.employeeapi.testCases.TC002_Get_Single_Employee_Record" time="0.001"/>
  <testcase name="checkStatusCode" classname="com.employeeapi.testCases.TC002_Get_Single_Employee_Record" time="0.001">
    <failure message="expected [200] but found [404]" type="java.lang.AssertionError">java.lang.AssertionError: expected [200] but found [404]
	at org.testng.Assert.fail(Assert.java:96)
	at org.testng.Assert.failNotEquals(Assert.java:776)
	at org.testng.Assert.assertEqualsImpl(Assert.java:137)
	at org.testng.Assert.assertEquals(Assert.java:118)
	at org.testng.Assert.assertEquals(Assert.java:652)
	at org.testng.Assert.assertEquals(Assert.java:662)
	at com.employeeapi.testCases.TC002_Get_Single_Employee_Record.checkStatusCode(TC002_Get_Single_Employee_Record.java:41)
</failure>
    <system-out><![CDATA[2022-07-27 08:55:34 INFO  EmployeesRestAPIssss:38 - -------------------- Checking Status Code --------------------------
2022-07-27 08:55:34 INFO  EmployeesRestAPIssss:40 - Status Code ===>404
]]></system-out>
  </testcase>
  <testcase name="checkStatusLine" classname="com.employeeapi.testCases.TC002_Get_Single_Employee_Record" time="0.002">
    <failure message="expected [HTTP/1.1 200 OK] but found [HTTP/1.1 404 Not Found]" type="java.lang.AssertionError">java.lang.AssertionError: expected [HTTP/1.1 200 OK] but found [HTTP/1.1 404 Not Found]
	at org.testng.Assert.fail(Assert.java:96)
	at org.testng.Assert.failNotEquals(Assert.java:776)
	at org.testng.Assert.assertEqualsImpl(Assert.java:137)
	at org.testng.Assert.assertEquals(Assert.java:118)
	at org.testng.Assert.assertEquals(Assert.java:453)
	at org.testng.Assert.assertEquals(Assert.java:463)
	at com.employeeapi.testCases.TC002_Get_Single_Employee_Record.checkStatusLine(TC002_Get_Single_Employee_Record.java:59)
</failure>
    <system-out><![CDATA[2022-07-27 08:55:34 INFO  EmployeesRestAPIssss:56 - -------------------- Checking Status Line --------------------------
2022-07-27 08:55:34 INFO  EmployeesRestAPIssss:58 - Status Line ===>HTTP/1.1 404 Not Found
]]></system-out>
  </testcase>
  <testcase name="checkContentEncoding" classname="com.employeeapi.testCases.TC003_Post_Employee_Record" time="0.002"/>
  <testcase name="checkContentLength" classname="com.employeeapi.testCases.TC003_Post_Employee_Record" time="0.002"/>
  <testcase name="checkContentType" classname="com.employeeapi.testCases.TC003_Post_Employee_Record" time="0.002">
    <failure message="expected [application/json] but found [text/html; charset=UTF-8]" type="java.lang.AssertionError">java.lang.AssertionError: expected [application/json] but found [text/html; charset=UTF-8]
	at org.testng.Assert.fail(Assert.java:96)
	at org.testng.Assert.failNotEquals(Assert.java:776)
	at org.testng.Assert.assertEqualsImpl(Assert.java:137)
	at org.testng.Assert.assertEquals(Assert.java:118)
	at org.testng.Assert.assertEquals(Assert.java:453)
	at org.testng.Assert.assertEquals(Assert.java:463)
	at com.employeeapi.testCases.TC003_Post_Employee_Record.checkContentType(TC003_Post_Employee_Record.java:73)
</failure>
    <system-out><![CDATA[2022-07-27 08:55:34 INFO  EmployeesRestAPIssss:70 - -------------------- Checking Content Type --------------------------
2022-07-27 08:55:34 INFO  EmployeesRestAPIssss:72 - Content Type ===>text/html; charset=UTF-8
]]></system-out>
  </testcase>
  <testcase name="checkResponseBody" classname="com.employeeapi.testCases.TC003_Post_Employee_Record" time="0.014"/>
  <testcase name="checkServerType" classname="com.employeeapi.testCases.TC003_Post_Employee_Record" time="0"/>
  <testcase name="checkStatusCode" classname="com.employeeapi.testCases.TC003_Post_Employee_Record" time="0">
    <failure message="expected [200] but found [429]" type="java.lang.AssertionError">java.lang.AssertionError: expected [200] but found [429]
	at org.testng.Assert.fail(Assert.java:96)
	at org.testng.Assert.failNotEquals(Assert.java:776)
	at org.testng.Assert.assertEqualsImpl(Assert.java:137)
	at org.testng.Assert.assertEquals(Assert.java:118)
	at org.testng.Assert.assertEquals(Assert.java:652)
	at org.testng.Assert.assertEquals(Assert.java:662)
	at com.employeeapi.testCases.TC003_Post_Employee_Record.checkStatusCode(TC003_Post_Employee_Record.java:55)
</failure>
    <system-out><![CDATA[2022-07-27 08:55:34 INFO  EmployeesRestAPIssss:52 - -------------------- Checking Status Code --------------------------
2022-07-27 08:55:34 INFO  EmployeesRestAPIssss:54 - Status Code ===>429
]]></system-out>
  </testcase>
  <testcase name="checkStatusLine" classname="com.employeeapi.testCases.TC003_Post_Employee_Record" time="0.001">
    <failure message="expected [HTTP/1.1 200 OK] but found [HTTP/1.1 429 Too Many Requests]" type="java.lang.AssertionError">java.lang.AssertionError: expected [HTTP/1.1 200 OK] but found [HTTP/1.1 429 Too Many Requests]
	at org.testng.Assert.fail(Assert.java:96)
	at org.testng.Assert.failNotEquals(Assert.java:776)
	at org.testng.Assert.assertEqualsImpl(Assert.java:137)
	at org.testng.Assert.assertEquals(Assert.java:118)
	at org.testng.Assert.assertEquals(Assert.java:453)
	at org.testng.Assert.assertEquals(Assert.java:463)
	at com.employeeapi.testCases.TC003_Post_Employee_Record.checkStatusLine(TC003_Post_Employee_Record.java:64)
</failure>
    <system-out><![CDATA[2022-07-27 08:55:34 INFO  EmployeesRestAPIssss:61 - -------------------- Checking Status Line --------------------------
2022-07-27 08:55:34 INFO  EmployeesRestAPIssss:63 - Status Line ===>HTTP/1.1 429 Too Many Requests
]]></system-out>
  </testcase>
</testsuite>